<?xml version="1.0" encoding="UTF-8"?>
<!-- Generated by org.testng.reporters.JUnitReportReporter -->
<testsuite hostname="Reshma" failures="0" tests="1" name="demopackage.ManagementNewsTest" time="11.195" errors="0" timestamp="2025-08-26T10:05:17 IST" skipped="0">
  <testcase classname="demopackage.ManagementNewsTest" name="manageNews" time="11.195"/>
</testsuite> <!-- demopackage.ManagementNewsTest -->
