<?xml version="1.0" encoding="UTF-8"?>
<!-- Generated by org.testng.reporters.JUnitReportReporter -->
<testsuite hostname="Reshma" failures="0" tests="1" name="demopackage.Logintest" time="3.983" errors="0" timestamp="2025-08-26T09:54:29 IST" skipped="0">
  <testcase classname="demopackage.Logintest" name="loginwithvalidCredential" time="3.983"/>
</testsuite> <!-- demopackage.Logintest -->
